# JRE version: 7.0_17-b02
# Java VM: Java HotSpot(TM) 64-Bit Server VM (23.7-b01 mixed mode windows-amd64 compressed oops)
Heap
 PSYoungGen      total 428224K, used 117859K [0x00000007d5e00000, 0x00000007f1b30000, 0x0000000800000000)
  eden space 406144K, 24% used [0x00000007d5e00000,0x00000007dbecd018,0x00000007eeaa0000)
  from space 22080K, 84% used [0x00000007f0200000,0x00000007f144bd98,0x00000007f1790000)
  to   space 23936K, 0% used [0x00000007eeaa0000,0x00000007eeaa0000,0x00000007f0200000)
 ParOldGen       total 86272K, used 29942K [0x0000000781a00000, 0x0000000786e40000, 0x00000007d5e00000)
  object space 86272K, 34% used [0x0000000781a00000,0x000000078373db28,0x0000000786e40000)
 PSPermGen       total 43904K, used 43864K [0x000000077c800000, 0x000000077f2e0000, 0x0000000781a00000)
  object space 43904K, 99% used [0x000000077c800000,0x000000077f2d6290,0x000000077f2e0000)
GC Heap History (10 events):
Event: 2.976 GC heap before
{Heap before GC invocations=6 (full 0):
 PSYoungGen      total 70144K, used 70121K [0x00000007d5e00000, 0x00000007df280000, 0x0000000800000000)
  eden space 64768K, 100% used [0x00000007d5e00000,0x00000007d9d40000,0x00000007d9d40000)
  from space 5376K, 99% used [0x00000007d9d40000,0x00000007da27a660,0x00000007da280000)
  to   space 11264K, 0% used [0x00000007de780000,0x00000007de780000,0x00000007df280000)
 ParOldGen       total 86272K, used 9795K [0x0000000781a00000, 0x0000000786e40000, 0x00000007d5e00000)
  object space 86272K, 11% used [0x0000000781a00000,0x0000000782390fb8,0x0000000786e40000)
 PSPermGen       total 22976K, used 22801K [0x000000077c800000, 0x000000077de70000, 0x0000000781a00000)
  object space 22976K, 99% used [0x000000077c800000,0x000000077de445b8,0x000000077de70000)
Event: 2.989 GC heap after
Heap after GC invocations=6 (full 0):
 PSYoungGen      total 140160K, used 9247K [0x00000007d5e00000, 0x00000007df3c0000, 0x0000000800000000)
  eden space 128896K, 0% used [0x00000007d5e00000,0x00000007d5e00000,0x00000007ddbe0000)
  from space 11264K, 82% used [0x00000007de780000,0x00000007df087fc8,0x00000007df280000)
  to   space 11904K, 0% used [0x00000007ddbe0000,0x00000007ddbe0000,0x00000007de780000)
 ParOldGen       total 86272K, used 9803K [0x0000000781a00000, 0x0000000786e40000, 0x00000007d5e00000)
  object space 86272K, 11% used [0x0000000781a00000,0x0000000782392fb8,0x0000000786e40000)
 PSPermGen       total 22976K, used 22801K [0x000000077c800000, 0x000000077de70000, 0x0000000781a00000)
  object space 22976K, 99% used [0x000000077c800000,0x000000077de445b8,0x000000077de70000)
}
Event: 4.332 GC heap before
{Heap before GC invocations=7 (full 0):
 PSYoungGen      total 140160K, used 138143K [0x00000007d5e00000, 0x00000007df3c0000, 0x0000000800000000)
  eden space 128896K, 100% used [0x00000007d5e00000,0x00000007ddbe0000,0x00000007ddbe0000)
  from space 11264K, 82% used [0x00000007de780000,0x00000007df087fc8,0x00000007df280000)
  to   space 11904K, 0% used [0x00000007ddbe0000,0x00000007ddbe0000,0x00000007de780000)
 ParOldGen       total 86272K, used 9803K [0x0000000781a00000, 0x0000000786e40000, 0x00000007d5e00000)
  object space 86272K, 11% used [0x0000000781a00000,0x0000000782392fb8,0x0000000786e40000)
 PSPermGen       total 25664K, used 25534K [0x000000077c800000, 0x000000077e110000, 0x0000000781a00000)
  object space 25664K, 99% used [0x000000077c800000,0x000000077e0ef958,0x000000077e110000)
Event: 4.352 GC heap after
Heap after GC invocations=7 (full 0):
 PSYoungGen      total 140800K, used 11138K [0x00000007d5e00000, 0x00000007e7360000, 0x0000000800000000)
  eden space 128896K, 0% used [0x00000007d5e00000,0x00000007d5e00000,0x00000007ddbe0000)
  from space 11904K, 93% used [0x00000007ddbe0000,0x00000007de6c0ba0,0x00000007de780000)
  to   space 13120K, 0% used [0x00000007e6690000,0x00000007e6690000,0x00000007e7360000)
 ParOldGen       total 86272K, used 12066K [0x0000000781a00000, 0x0000000786e40000, 0x00000007d5e00000)
  object space 86272K, 13% used [0x0000000781a00000,0x00000007825c8870,0x0000000786e40000)
 PSPermGen       total 25664K, used 25534K [0x000000077c800000, 0x000000077e110000, 0x0000000781a00000)
  object space 25664K, 99% used [0x000000077c800000,0x000000077e0ef958,0x000000077e110000)
}
Event: 5.949 GC heap before
{Heap before GC invocations=8 (full 0):
 PSYoungGen      total 140800K, used 140034K [0x00000007d5e00000, 0x00000007e7360000, 0x0000000800000000)
  eden space 128896K, 100% used [0x00000007d5e00000,0x00000007ddbe0000,0x00000007ddbe0000)
  from space 11904K, 93% used [0x00000007ddbe0000,0x00000007de6c0ba0,0x00000007de780000)
  to   space 13120K, 0% used [0x00000007e6690000,0x00000007e6690000,0x00000007e7360000)
 ParOldGen       total 86272K, used 12066K [0x0000000781a00000, 0x0000000786e40000, 0x00000007d5e00000)
  object space 86272K, 13% used [0x0000000781a00000,0x00000007825c8870,0x0000000786e40000)
 PSPermGen       total 30464K, used 30399K [0x000000077c800000, 0x000000077e5c0000, 0x0000000781a00000)
  object space 30464K, 99% used [0x000000077c800000,0x000000077e5afe90,0x000000077e5c0000)
Event: 5.967 GC heap after
Heap after GC invocations=8 (full 0):
 PSYoungGen      total 268096K, used 13104K [0x00000007d5e00000, 0x00000007e78e0000, 0x0000000800000000)
  eden space 254976K, 0% used [0x00000007d5e00000,0x00000007d5e00000,0x00000007e5700000)
  from space 13120K, 99% used [0x00000007e6690000,0x00000007e735c120,0x00000007e7360000)
  to   space 15936K, 0% used [0x00000007e5700000,0x00000007e5700000,0x00000007e6690000)
 ParOldGen       total 86272K, used 14678K [0x0000000781a00000, 0x0000000786e40000, 0x00000007d5e00000)
  object space 86272K, 17% used [0x0000000781a00000,0x0000000782855b68,0x0000000786e40000)
 PSPermGen       total 30464K, used 30399K [0x000000077c800000, 0x000000077e5c0000, 0x0000000781a00000)
  object space 30464K, 99% used [0x000000077c800000,0x000000077e5afe90,0x000000077e5c0000)
}
Event: 8.253 GC heap before
{Heap before GC invocations=9 (full 0):
 PSYoungGen      total 268096K, used 268080K [0x00000007d5e00000, 0x00000007e78e0000, 0x0000000800000000)
  eden space 254976K, 100% used [0x00000007d5e00000,0x00000007e5700000,0x00000007e5700000)
  from space 13120K, 99% used [0x00000007e6690000,0x00000007e735c120,0x00000007e7360000)
  to   space 15936K, 0% used [0x00000007e5700000,0x00000007e5700000,0x00000007e6690000)
 ParOldGen       total 86272K, used 14678K [0x0000000781a00000, 0x0000000786e40000, 0x00000007d5e00000)
  object space 86272K, 17% used [0x0000000781a00000,0x0000000782855b68,0x0000000786e40000)
 PSPermGen       total 36224K, used 36146K [0x000000077c800000, 0x000000077eb60000, 0x0000000781a00000)
  object space 36224K, 99% used [0x000000077c800000,0x000000077eb4ca58,0x000000077eb60000)
Event: 8.279 GC heap after
Heap after GC invocations=9 (full 0):
 PSYoungGen      total 270912K, used 15931K [0x00000007d5e00000, 0x00000007f1790000, 0x0000000800000000)
  eden space 254976K, 0% used [0x00000007d5e00000,0x00000007d5e00000,0x00000007e5700000)
  from space 15936K, 99% used [0x00000007e5700000,0x00000007e668efd8,0x00000007e6690000)
  to   space 22080K, 0% used [0x00000007f0200000,0x00000007f0200000,0x00000007f1790000)
 ParOldGen       total 86272K, used 24766K [0x0000000781a00000, 0x0000000786e40000, 0x00000007d5e00000)
  object space 86272K, 28% used [0x0000000781a00000,0x000000078322fac8,0x0000000786e40000)
 PSPermGen       total 36224K, used 36146K [0x000000077c800000, 0x000000077eb60000, 0x0000000781a00000)
  object space 36224K, 99% used [0x000000077c800000,0x000000077eb4ca58,0x000000077eb60000)
}
Event: 9.963 GC heap before
{Heap before GC invocations=10 (full 0):
 PSYoungGen      total 270912K, used 270907K [0x00000007d5e00000, 0x00000007f1790000, 0x0000000800000000)
  eden space 254976K, 100% used [0x00000007d5e00000,0x00000007e5700000,0x00000007e5700000)
  from space 15936K, 99% used [0x00000007e5700000,0x00000007e668efd8,0x00000007e6690000)
  to   space 22080K, 0% used [0x00000007f0200000,0x00000007f0200000,0x00000007f1790000)
 ParOldGen       total 86272K, used 24766K [0x0000000781a00000, 0x0000000786e40000, 0x00000007d5e00000)
  object space 86272K, 28% used [0x0000000781a00000,0x000000078322fac8,0x0000000786e40000)
 PSPermGen       total 37568K, used 37447K [0x000000077c800000, 0x000000077ecb0000, 0x0000000781a00000)
  object space 37568K, 99% used [0x000000077c800000,0x000000077ec91c80,0x000000077ecb0000)
Event: 9.985 GC heap after
Heap after GC invocations=10 (full 0):
 PSYoungGen      total 428224K, used 18735K [0x00000007d5e00000, 0x00000007f1b30000, 0x0000000800000000)
  eden space 406144K, 0% used [0x00000007d5e00000,0x00000007d5e00000,0x00000007eeaa0000)
  from space 22080K, 84% used [0x00000007f0200000,0x00000007f144bd98,0x00000007f1790000)
  to   space 23936K, 0% used [0x00000007eeaa0000,0x00000007eeaa0000,0x00000007f0200000)
 ParOldGen       total 86272K, used 29942K [0x0000000781a00000, 0x0000000786e40000, 0x00000007d5e00000)
  object space 86272K, 34% used [0x0000000781a00000,0x000000078373db28,0x0000000786e40000)
 PSPermGen       total 37568K, used 37447K [0x000000077c800000, 0x000000077ecb0000, 0x0000000781a00000)
  object space 37568K, 99% used [0x000000077c800000,0x000000077ec91c80,0x000000077ecb0000)
}

